<?xml version="1.0" encoding="UTF-8"?>
<!-- Generated by org.testng.reporters.JUnitReportReporter -->
<testsuite skipped="0" hostname="DESKTOP-SKEPB81" name="com.qa.mob.keyword.tests.Mobiletest" tests="1" failures="0" timestamp="2020-07-14T08:24:09 IST" time="23.300" errors="0">
  <testcase name="SearchTest" time="23.300" classname="com.qa.mob.keyword.tests.Mobiletest"/>
  <system-out/>
</testsuite> <!-- com.qa.mob.keyword.tests.Mobiletest -->
